app/build/intermediates/manifest_merge_blame_file/appProdRelease/manifest-merger-blame-appProd-release-report.txt
1<?xml version="1.0" encoding="utf-8"?>
2<manifest xmlns:android="http://schemas.android.com/apk/res/android"
3    package="com.app.update.softwareupdatekkappsstudio"
4    android:versionCode="17"
5    android:versionName="2.7" >
6
7    <uses-sdk
8        android:minSdkVersion="24"
9        android:targetSdkVersion="34" />
10
11    <uses-permission android:name="android.permission.INTERNET" />
11-->src\main\AndroidManifest.xml:5:5-67
11-->src\main\AndroidManifest.xml:5:22-64
12    <uses-permission android:name="android.permission.ACCESS_FINE_LOCATION" />
12-->src\main\AndroidManifest.xml:6:5-79
12-->src\main\AndroidManifest.xml:6:22-76
13    <uses-permission android:name="android.permission.ACCESS_COARSE_LOCATION" />
13-->src\main\AndroidManifest.xml:7:5-81
13-->src\main\AndroidManifest.xml:7:22-78
14    <uses-permission android:name="android.permission.LOCAL_MAC_ADDRESS" />
14-->src\main\AndroidManifest.xml:8:5-10:47
14-->src\main\AndroidManifest.xml:9:9-60
15    <uses-permission android:name="android.permission.READ_EXTERNAL_STORAGE" />
15-->src\main\AndroidManifest.xml:11:5-80
15-->src\main\AndroidManifest.xml:11:22-77
16    <uses-permission android:name="android.permission.REQUEST_DELETE_PACKAGES" />
16-->src\main\AndroidManifest.xml:12:5-82
16-->src\main\AndroidManifest.xml:12:22-79
17    <uses-permission android:name="android.permission.QUERY_ALL_PACKAGES" />
17-->src\main\AndroidManifest.xml:13:5-15:53
17-->src\main\AndroidManifest.xml:14:9-61
18    <uses-permission android:name="android.permission.ACCESS_WIFI_STATE" />
18-->src\main\AndroidManifest.xml:16:5-76
18-->src\main\AndroidManifest.xml:16:22-73
19    <uses-permission android:name="android.permission.CHANGE_WIFI_STATE" />
19-->src\main\AndroidManifest.xml:17:5-76
19-->src\main\AndroidManifest.xml:17:22-73
20    <uses-permission android:name="android.permission.READ_PHONE_STATE" />
20-->src\main\AndroidManifest.xml:18:5-75
20-->src\main\AndroidManifest.xml:18:22-72
21    <uses-permission android:name="android.permission.READ_PRIVILEGED_PHONE_STATE" />
21-->src\main\AndroidManifest.xml:19:5-21:47
21-->src\main\AndroidManifest.xml:20:9-70
22    <uses-permission android:name="android.permission.ACCESS_WIFI_STATE" />
22-->src\main\AndroidManifest.xml:16:5-76
22-->src\main\AndroidManifest.xml:16:22-73
23    <uses-permission android:name="android.permission.CHANGE_WIFI_STATE" />
23-->src\main\AndroidManifest.xml:17:5-76
23-->src\main\AndroidManifest.xml:17:22-73
24    <uses-permission android:name="android.permission.ACCESS_FINE_LOCATION" />
24-->src\main\AndroidManifest.xml:6:5-79
24-->src\main\AndroidManifest.xml:6:22-76
25    <uses-permission android:name="com.android.vending.BILLING" />
25-->src\main\AndroidManifest.xml:25:5-67
25-->src\main\AndroidManifest.xml:25:22-64
26    <uses-permission android:name="android.permission.ACCESS_NETWORK_STATE" />
26-->[:adsdk] AndroidManifest.xml:7:5-79
26-->[:adsdk] AndroidManifest.xml:7:22-76
27
28    <queries>
28-->[com.android.billingclient:billing:6.1.0] AndroidManifest.xml:12:5-16:15
29        <intent>
29-->[com.android.billingclient:billing:6.1.0] AndroidManifest.xml:13:9-15:18
30            <action android:name="com.android.vending.billing.InAppBillingService.BIND" />
30-->[com.android.billingclient:billing:6.1.0] AndroidManifest.xml:14:13-91
30-->[com.android.billingclient:billing:6.1.0] AndroidManifest.xml:14:21-88
31        </intent>
32        <intent>
32-->[com.google.firebase:firebase-inappmessaging-display:20.2.0] AndroidManifest.xml:13:9-17:18
33            <action android:name="android.intent.action.VIEW" />
33-->[com.google.firebase:firebase-inappmessaging-display:20.2.0] AndroidManifest.xml:14:13-65
33-->[com.google.firebase:firebase-inappmessaging-display:20.2.0] AndroidManifest.xml:14:21-62
34
35            <data android:scheme="https" />
35-->[com.google.firebase:firebase-inappmessaging-display:20.2.0] AndroidManifest.xml:16:13-44
35-->[com.google.firebase:firebase-inappmessaging-display:20.2.0] AndroidManifest.xml:16:19-41
36        </intent> <!-- For browser content -->
37        <intent>
37-->[com.google.android.gms:play-services-ads-lite:22.6.0] AndroidManifest.xml:38:9-44:18
38            <action android:name="android.intent.action.VIEW" />
38-->[com.google.firebase:firebase-inappmessaging-display:20.2.0] AndroidManifest.xml:14:13-65
38-->[com.google.firebase:firebase-inappmessaging-display:20.2.0] AndroidManifest.xml:14:21-62
39
40            <category android:name="android.intent.category.BROWSABLE" />
40-->[com.google.android.gms:play-services-ads-lite:22.6.0] AndroidManifest.xml:41:13-74
40-->[com.google.android.gms:play-services-ads-lite:22.6.0] AndroidManifest.xml:41:23-71
41
42            <data android:scheme="https" />
42-->[com.google.firebase:firebase-inappmessaging-display:20.2.0] AndroidManifest.xml:16:13-44
42-->[com.google.firebase:firebase-inappmessaging-display:20.2.0] AndroidManifest.xml:16:19-41
43        </intent> <!-- End of browser content -->
44        <!-- For CustomTabsService -->
45        <intent>
45-->[com.google.android.gms:play-services-ads-lite:22.6.0] AndroidManifest.xml:47:9-49:18
46            <action android:name="android.support.customtabs.action.CustomTabsService" />
46-->[com.google.android.gms:play-services-ads-lite:22.6.0] AndroidManifest.xml:48:13-90
46-->[com.google.android.gms:play-services-ads-lite:22.6.0] AndroidManifest.xml:48:21-87
47        </intent>
48    </queries>
49
50    <uses-permission android:name="com.google.android.gms.permission.AD_ID" />
50-->[com.google.android.gms:play-services-ads-lite:22.6.0] AndroidManifest.xml:26:5-79
50-->[com.google.android.gms:play-services-ads-lite:22.6.0] AndroidManifest.xml:26:22-76
51    <uses-permission android:name="android.permission.ACCESS_ADSERVICES_AD_ID" />
51-->[com.google.android.gms:play-services-ads-lite:22.6.0] AndroidManifest.xml:27:5-82
51-->[com.google.android.gms:play-services-ads-lite:22.6.0] AndroidManifest.xml:27:22-79
52    <uses-permission android:name="android.permission.ACCESS_ADSERVICES_ATTRIBUTION" />
52-->[com.google.android.gms:play-services-ads-lite:22.6.0] AndroidManifest.xml:28:5-88
52-->[com.google.android.gms:play-services-ads-lite:22.6.0] AndroidManifest.xml:28:22-85
53    <uses-permission android:name="android.permission.ACCESS_ADSERVICES_TOPICS" />
53-->[com.google.android.gms:play-services-ads-lite:22.6.0] AndroidManifest.xml:29:5-83
53-->[com.google.android.gms:play-services-ads-lite:22.6.0] AndroidManifest.xml:29:22-80
54    <uses-permission android:name="android.permission.WAKE_LOCK" />
54-->[com.google.android.gms:play-services-measurement:21.2.0] AndroidManifest.xml:25:5-68
54-->[com.google.android.gms:play-services-measurement:21.2.0] AndroidManifest.xml:25:22-65
55    <uses-permission android:name="com.google.android.finsky.permission.BIND_GET_INSTALL_REFERRER_SERVICE" />
55-->[com.google.android.gms:play-services-measurement:21.2.0] AndroidManifest.xml:26:5-110
55-->[com.google.android.gms:play-services-measurement:21.2.0] AndroidManifest.xml:26:22-107
56    <uses-permission android:name="android.permission.POST_NOTIFICATIONS" /> <!-- Required by older versions of Google Play services to create IID tokens -->
56-->[com.google.firebase:firebase-messaging:23.1.1] AndroidManifest.xml:25:5-77
56-->[com.google.firebase:firebase-messaging:23.1.1] AndroidManifest.xml:25:22-74
57    <uses-permission android:name="com.google.android.c2dm.permission.RECEIVE" />
57-->[com.google.firebase:firebase-messaging:23.1.1] AndroidManifest.xml:28:5-82
57-->[com.google.firebase:firebase-messaging:23.1.1] AndroidManifest.xml:28:22-79
58    <uses-permission android:name="android.permission.FOREGROUND_SERVICE" />
58-->[androidx.work:work-runtime:2.7.0] AndroidManifest.xml:28:5-77
58-->[androidx.work:work-runtime:2.7.0] AndroidManifest.xml:28:22-74
59
60    <permission
60-->[androidx.core:core:1.12.0] AndroidManifest.xml:22:5-24:47
61        android:name="com.app.update.softwareupdatekkappsstudio.DYNAMIC_RECEIVER_NOT_EXPORTED_PERMISSION"
61-->[androidx.core:core:1.12.0] AndroidManifest.xml:23:9-81
62        android:protectionLevel="signature" />
62-->[androidx.core:core:1.12.0] AndroidManifest.xml:24:9-44
63
64    <uses-permission android:name="com.app.update.softwareupdatekkappsstudio.DYNAMIC_RECEIVER_NOT_EXPORTED_PERMISSION" />
64-->[androidx.core:core:1.12.0] AndroidManifest.xml:26:5-97
64-->[androidx.core:core:1.12.0] AndroidManifest.xml:26:22-94
65
66    <application
66-->src\main\AndroidManifest.xml:28:5-72:19
67        android:name="com.app.update.softwareupdatekkappsstudio.ads.MyApp"
67-->src\main\AndroidManifest.xml:29:9-34
68        android:allowBackup="true"
68-->src\main\AndroidManifest.xml:30:9-35
69        android:allowClearUserData="true"
69-->src\main\AndroidManifest.xml:36:9-42
70        android:appComponentFactory="androidx.core.app.CoreComponentFactory"
70-->[androidx.core:core:1.12.0] AndroidManifest.xml:28:18-86
71        android:dataExtractionRules="@xml/data_extraction_rules"
71-->src\main\AndroidManifest.xml:31:9-65
72        android:extractNativeLibs="false"
73        android:fullBackupContent="@xml/backup_rules"
73-->src\main\AndroidManifest.xml:32:9-54
74        android:icon="@mipmap/ic_launcher"
74-->src\main\AndroidManifest.xml:33:9-43
75        android:label="@string/app_name"
75-->src\main\AndroidManifest.xml:34:9-41
76        android:roundIcon="@mipmap/ic_launcher_round"
76-->src\main\AndroidManifest.xml:37:9-54
77        android:supportsRtl="true"
77-->src\main\AndroidManifest.xml:38:9-35
78        android:theme="@style/Theme.NewSoftware"
78-->src\main\AndroidManifest.xml:39:9-49
79        android:usesCleartextTraffic="true" >
79-->src\main\AndroidManifest.xml:35:9-44
80        <activity
80-->src\main\AndroidManifest.xml:40:9-42:40
81            android:name="com.app.update.softwareupdatekkappsstudio.IntroActivity"
81-->src\main\AndroidManifest.xml:41:13-42
82            android:exported="false" />
82-->src\main\AndroidManifest.xml:42:13-37
83        <activity
83-->src\main\AndroidManifest.xml:43:9-45:40
84            android:name="com.app.update.softwareupdatekkappsstudio.WifiDetailsActivity"
84-->src\main\AndroidManifest.xml:44:13-48
85            android:exported="false" />
85-->src\main\AndroidManifest.xml:45:13-37
86        <activity
86-->src\main\AndroidManifest.xml:46:9-48:39
87            android:name="com.app.update.softwareupdatekkappsstudio.practice.WifiActivity"
87-->src\main\AndroidManifest.xml:47:13-50
88            android:exported="true" />
88-->src\main\AndroidManifest.xml:48:13-36
89        <activity
89-->src\main\AndroidManifest.xml:49:9-57:20
90            android:name="com.app.update.softwareupdatekkappsstudio.StartActivity"
90-->src\main\AndroidManifest.xml:50:13-42
91            android:exported="true" >
91-->src\main\AndroidManifest.xml:51:13-36
92            <intent-filter>
92-->src\main\AndroidManifest.xml:52:13-56:29
93                <action android:name="android.intent.action.MAIN" />
93-->src\main\AndroidManifest.xml:53:17-69
93-->src\main\AndroidManifest.xml:53:25-66
94
95                <category android:name="android.intent.category.LAUNCHER" />
95-->src\main\AndroidManifest.xml:55:17-77
95-->src\main\AndroidManifest.xml:55:27-74
96            </intent-filter>
97        </activity>
98        <!--
99     <activity
100                 android:name="com.google.android.gms.ads.AdActivity"
101                 android:theme="@style/AdTheme"
102                 tools:replace="android:theme" />
103        -->
104        <activity
104-->src\main\AndroidManifest.xml:64:9-66:39
105            android:name="com.app.update.softwareupdatekkappsstudio.HomeActivity"
105-->src\main\AndroidManifest.xml:65:13-41
106            android:exported="true" />
106-->src\main\AndroidManifest.xml:66:13-36
107        <activity android:name="com.app.update.softwareupdatekkappsstudio.fragments.PrivacyFragment" />
107-->src\main\AndroidManifest.xml:67:9-104
107-->src\main\AndroidManifest.xml:67:19-101
108
109        <meta-data
109-->src\main\AndroidManifest.xml:69:9-71:46
110            android:name="com.google.android.gms.ads.APPLICATION_ID"
110-->src\main\AndroidManifest.xml:70:13-69
111            android:value="@string/app_id" />
111-->src\main\AndroidManifest.xml:71:13-43
112        <meta-data
112-->[com.android.billingclient:billing:6.1.0] AndroidManifest.xml:19:9-21:37
113            android:name="com.google.android.play.billingclient.version"
113-->[com.android.billingclient:billing:6.1.0] AndroidManifest.xml:20:13-73
114            android:value="6.1.0" />
114-->[com.android.billingclient:billing:6.1.0] AndroidManifest.xml:21:13-34
115
116        <activity
116-->[com.android.billingclient:billing:6.1.0] AndroidManifest.xml:23:9-27:75
117            android:name="com.android.billingclient.api.ProxyBillingActivity"
117-->[com.android.billingclient:billing:6.1.0] AndroidManifest.xml:24:13-78
118            android:configChanges="keyboard|keyboardHidden|screenLayout|screenSize|orientation"
118-->[com.android.billingclient:billing:6.1.0] AndroidManifest.xml:25:13-96
119            android:exported="false"
119-->[com.android.billingclient:billing:6.1.0] AndroidManifest.xml:26:13-37
120            android:theme="@android:style/Theme.Translucent.NoTitleBar" />
120-->[com.android.billingclient:billing:6.1.0] AndroidManifest.xml:27:13-72
121
122        <service
122-->[com.google.firebase:firebase-inappmessaging-display-ktx:20.2.0] AndroidManifest.xml:11:9-17:19
123            android:name="com.google.firebase.components.ComponentDiscoveryService"
123-->[com.google.firebase:firebase-inappmessaging-display-ktx:20.2.0] AndroidManifest.xml:12:13-84
124            android:directBootAware="true"
124-->[com.google.firebase:firebase-common:20.2.0] AndroidManifest.xml:34:13-43
125            android:exported="false" >
125-->[com.google.firebase:firebase-inappmessaging-display-ktx:20.2.0] AndroidManifest.xml:13:13-37
126            <meta-data
126-->[com.google.firebase:firebase-inappmessaging-display-ktx:20.2.0] AndroidManifest.xml:14:13-16:85
127                android:name="com.google.firebase.components:com.google.firebase.inappmessaging.display.ktx.FirebaseInAppMessagingDisplayKtxRegistrar"
127-->[com.google.firebase:firebase-inappmessaging-display-ktx:20.2.0] AndroidManifest.xml:15:17-151
128                android:value="com.google.firebase.components.ComponentRegistrar" />
128-->[com.google.firebase:firebase-inappmessaging-display-ktx:20.2.0] AndroidManifest.xml:16:17-82
129            <meta-data
129-->[com.google.firebase:firebase-inappmessaging-display:20.2.0] AndroidManifest.xml:24:13-26:85
130                android:name="com.google.firebase.components:com.google.firebase.inappmessaging.display.FirebaseInAppMessagingDisplayRegistrar"
130-->[com.google.firebase:firebase-inappmessaging-display:20.2.0] AndroidManifest.xml:25:17-144
131                android:value="com.google.firebase.components.ComponentRegistrar" />
131-->[com.google.firebase:firebase-inappmessaging-display:20.2.0] AndroidManifest.xml:26:17-82
132            <meta-data
132-->[com.google.firebase:firebase-messaging-ktx:23.1.1] AndroidManifest.xml:28:13-30:85
133                android:name="com.google.firebase.components:com.google.firebase.messaging.ktx.FirebaseMessagingKtxRegistrar"
133-->[com.google.firebase:firebase-messaging-ktx:23.1.1] AndroidManifest.xml:29:17-126
134                android:value="com.google.firebase.components.ComponentRegistrar" />
134-->[com.google.firebase:firebase-messaging-ktx:23.1.1] AndroidManifest.xml:30:17-82
135            <meta-data
135-->[com.google.firebase:firebase-analytics-ktx:21.2.0] AndroidManifest.xml:11:13-13:85
136                android:name="com.google.firebase.components:com.google.firebase.analytics.ktx.FirebaseAnalyticsKtxRegistrar"
136-->[com.google.firebase:firebase-analytics-ktx:21.2.0] AndroidManifest.xml:12:17-126
137                android:value="com.google.firebase.components.ComponentRegistrar" />
137-->[com.google.firebase:firebase-analytics-ktx:21.2.0] AndroidManifest.xml:13:17-82
138            <meta-data
138-->[com.google.android.gms:play-services-measurement-api:21.2.0] AndroidManifest.xml:31:13-33:85
139                android:name="com.google.firebase.components:com.google.firebase.analytics.connector.internal.AnalyticsConnectorRegistrar"
139-->[com.google.android.gms:play-services-measurement-api:21.2.0] AndroidManifest.xml:32:17-139
140                android:value="com.google.firebase.components.ComponentRegistrar" />
140-->[com.google.android.gms:play-services-measurement-api:21.2.0] AndroidManifest.xml:33:17-82
141            <meta-data
141-->[com.google.firebase:firebase-config-ktx:21.2.0] AndroidManifest.xml:14:13-16:85
142                android:name="com.google.firebase.components:com.google.firebase.remoteconfig.ktx.FirebaseRemoteConfigKtxRegistrar"
142-->[com.google.firebase:firebase-config-ktx:21.2.0] AndroidManifest.xml:15:17-132
143                android:value="com.google.firebase.components.ComponentRegistrar" />
143-->[com.google.firebase:firebase-config-ktx:21.2.0] AndroidManifest.xml:16:17-82
144            <meta-data
144-->[com.google.firebase:firebase-crashlytics-ktx:18.3.2] AndroidManifest.xml:26:13-28:85
145                android:name="com.google.firebase.components:com.google.firebase.crashlytics.ktx.FirebaseCrashlyticsKtxRegistrar"
145-->[com.google.firebase:firebase-crashlytics-ktx:18.3.2] AndroidManifest.xml:27:17-130
146                android:value="com.google.firebase.components.ComponentRegistrar" />
146-->[com.google.firebase:firebase-crashlytics-ktx:18.3.2] AndroidManifest.xml:28:17-82
147            <meta-data
147-->[com.google.firebase:firebase-inappmessaging-ktx:20.2.0] AndroidManifest.xml:14:13-16:85
148                android:name="com.google.firebase.components:com.google.firebase.inappmessaging.ktx.FirebaseInAppMessagingKtxRegistrar"
148-->[com.google.firebase:firebase-inappmessaging-ktx:20.2.0] AndroidManifest.xml:15:17-136
149                android:value="com.google.firebase.components.ComponentRegistrar" />
149-->[com.google.firebase:firebase-inappmessaging-ktx:20.2.0] AndroidManifest.xml:16:17-82
150            <meta-data
150-->[com.google.firebase:firebase-common-ktx:20.2.0] AndroidManifest.xml:14:13-16:85
151                android:name="com.google.firebase.components:com.google.firebase.ktx.FirebaseCommonKtxRegistrar"
151-->[com.google.firebase:firebase-common-ktx:20.2.0] AndroidManifest.xml:15:17-113
152                android:value="com.google.firebase.components.ComponentRegistrar" />
152-->[com.google.firebase:firebase-common-ktx:20.2.0] AndroidManifest.xml:16:17-82
153            <meta-data
153-->[com.google.firebase:firebase-config:21.2.0] AndroidManifest.xml:31:13-33:85
154                android:name="com.google.firebase.components:com.google.firebase.remoteconfig.RemoteConfigRegistrar"
154-->[com.google.firebase:firebase-config:21.2.0] AndroidManifest.xml:32:17-117
155                android:value="com.google.firebase.components.ComponentRegistrar" />
155-->[com.google.firebase:firebase-config:21.2.0] AndroidManifest.xml:33:17-82
156            <meta-data
156-->[com.google.firebase:firebase-crashlytics:18.3.2] AndroidManifest.xml:17:13-19:85
157                android:name="com.google.firebase.components:com.google.firebase.crashlytics.CrashlyticsRegistrar"
157-->[com.google.firebase:firebase-crashlytics:18.3.2] AndroidManifest.xml:18:17-115
158                android:value="com.google.firebase.components.ComponentRegistrar" />
158-->[com.google.firebase:firebase-crashlytics:18.3.2] AndroidManifest.xml:19:17-82
159            <meta-data
159-->[com.google.firebase:firebase-inappmessaging:20.2.0] AndroidManifest.xml:16:13-18:85
160                android:name="com.google.firebase.components:com.google.firebase.inappmessaging.FirebaseInAppMessagingRegistrar"
160-->[com.google.firebase:firebase-inappmessaging:20.2.0] AndroidManifest.xml:17:17-129
161                android:value="com.google.firebase.components.ComponentRegistrar" />
161-->[com.google.firebase:firebase-inappmessaging:20.2.0] AndroidManifest.xml:18:17-82
162            <meta-data
162-->[com.google.firebase:firebase-messaging:23.1.1] AndroidManifest.xml:55:13-57:85
163                android:name="com.google.firebase.components:com.google.firebase.messaging.FirebaseMessagingRegistrar"
163-->[com.google.firebase:firebase-messaging:23.1.1] AndroidManifest.xml:56:17-119
164                android:value="com.google.firebase.components.ComponentRegistrar" />
164-->[com.google.firebase:firebase-messaging:23.1.1] AndroidManifest.xml:57:17-82
165            <meta-data
165-->[com.google.firebase:firebase-installations:17.1.0] AndroidManifest.xml:17:13-19:85
166                android:name="com.google.firebase.components:com.google.firebase.installations.FirebaseInstallationsRegistrar"
166-->[com.google.firebase:firebase-installations:17.1.0] AndroidManifest.xml:18:17-127
167                android:value="com.google.firebase.components.ComponentRegistrar" />
167-->[com.google.firebase:firebase-installations:17.1.0] AndroidManifest.xml:19:17-82
168            <meta-data
168-->[com.google.firebase:firebase-abt:21.1.0] AndroidManifest.xml:12:13-14:85
169                android:name="com.google.firebase.components:com.google.firebase.abt.component.AbtRegistrar"
169-->[com.google.firebase:firebase-abt:21.1.0] AndroidManifest.xml:13:17-109
170                android:value="com.google.firebase.components.ComponentRegistrar" />
170-->[com.google.firebase:firebase-abt:21.1.0] AndroidManifest.xml:14:17-82
171            <meta-data
171-->[com.google.firebase:firebase-datatransport:18.1.7] AndroidManifest.xml:27:13-29:85
172                android:name="com.google.firebase.components:com.google.firebase.datatransport.TransportRegistrar"
172-->[com.google.firebase:firebase-datatransport:18.1.7] AndroidManifest.xml:28:17-115
173                android:value="com.google.firebase.components.ComponentRegistrar" />
173-->[com.google.firebase:firebase-datatransport:18.1.7] AndroidManifest.xml:29:17-82
174        </service>
175
176        <activity
176-->[io.github.ParkSangGwon:tedpermission:3.3.0] AndroidManifest.xml:10:9-14:67
177            android:name="com.gun0912.tedpermission.TedPermissionActivity"
177-->[io.github.ParkSangGwon:tedpermission:3.3.0] AndroidManifest.xml:11:13-75
178            android:configChanges="mcc|mnc|locale|keyboard|keyboardHidden|screenLayout|fontScale|uiMode|orientation|screenSize|layoutDirection"
178-->[io.github.ParkSangGwon:tedpermission:3.3.0] AndroidManifest.xml:12:13-144
179            android:screenOrientation="unspecified"
179-->[io.github.ParkSangGwon:tedpermission:3.3.0] AndroidManifest.xml:13:13-52
180            android:theme="@style/Theme.Transparent.Permission" />
180-->[io.github.ParkSangGwon:tedpermission:3.3.0] AndroidManifest.xml:14:13-64
181
182        <provider
182-->[io.github.ParkSangGwon:tedpermission:3.3.0] AndroidManifest.xml:16:9-19:40
183            android:name="com.gun0912.tedpermission.provider.TedPermissionProvider"
183-->[io.github.ParkSangGwon:tedpermission:3.3.0] AndroidManifest.xml:17:13-84
184            android:authorities="com.app.update.softwareupdatekkappsstudio.tedpermissionprovider"
184-->[io.github.ParkSangGwon:tedpermission:3.3.0] AndroidManifest.xml:18:13-73
185            android:exported="false" />
185-->[io.github.ParkSangGwon:tedpermission:3.3.0] AndroidManifest.xml:19:13-37
186
187        <uses-library
187-->[androidx.privacysandbox.ads:ads-adservices:1.0.0-beta05] AndroidManifest.xml:23:9-25:40
188            android:name="android.ext.adservices"
188-->[androidx.privacysandbox.ads:ads-adservices:1.0.0-beta05] AndroidManifest.xml:24:13-50
189            android:required="false" /> <!-- Include the AdActivity and InAppPurchaseActivity configChanges and themes. -->
189-->[androidx.privacysandbox.ads:ads-adservices:1.0.0-beta05] AndroidManifest.xml:25:13-37
190        <activity
190-->[com.google.android.gms:play-services-ads-lite:22.6.0] AndroidManifest.xml:56:9-61:43
191            android:name="com.google.android.gms.ads.AdActivity"
191-->[com.google.android.gms:play-services-ads-lite:22.6.0] AndroidManifest.xml:57:13-65
192            android:configChanges="keyboard|keyboardHidden|orientation|screenLayout|uiMode|screenSize|smallestScreenSize"
192-->[com.google.android.gms:play-services-ads-lite:22.6.0] AndroidManifest.xml:58:13-122
193            android:exported="false"
193-->[com.google.android.gms:play-services-ads-lite:22.6.0] AndroidManifest.xml:59:13-37
194            android:theme="@android:style/Theme.Translucent" />
194-->[com.google.android.gms:play-services-ads-lite:22.6.0] AndroidManifest.xml:60:13-61
195
196        <provider
196-->[com.google.android.gms:play-services-ads-lite:22.6.0] AndroidManifest.xml:63:9-68:43
197            android:name="com.google.android.gms.ads.MobileAdsInitProvider"
197-->[com.google.android.gms:play-services-ads-lite:22.6.0] AndroidManifest.xml:64:13-76
198            android:authorities="com.app.update.softwareupdatekkappsstudio.mobileadsinitprovider"
198-->[com.google.android.gms:play-services-ads-lite:22.6.0] AndroidManifest.xml:65:13-73
199            android:exported="false"
199-->[com.google.android.gms:play-services-ads-lite:22.6.0] AndroidManifest.xml:66:13-37
200            android:initOrder="100" />
200-->[com.google.android.gms:play-services-ads-lite:22.6.0] AndroidManifest.xml:67:13-36
201
202        <service
202-->[com.google.android.gms:play-services-ads-lite:22.6.0] AndroidManifest.xml:70:9-74:43
203            android:name="com.google.android.gms.ads.AdService"
203-->[com.google.android.gms:play-services-ads-lite:22.6.0] AndroidManifest.xml:71:13-64
204            android:enabled="true"
204-->[com.google.android.gms:play-services-ads-lite:22.6.0] AndroidManifest.xml:72:13-35
205            android:exported="false" />
205-->[com.google.android.gms:play-services-ads-lite:22.6.0] AndroidManifest.xml:73:13-37
206
207        <activity
207-->[com.google.android.gms:play-services-ads-lite:22.6.0] AndroidManifest.xml:76:9-80:43
208            android:name="com.google.android.gms.ads.OutOfContextTestingActivity"
208-->[com.google.android.gms:play-services-ads-lite:22.6.0] AndroidManifest.xml:77:13-82
209            android:configChanges="keyboard|keyboardHidden|orientation|screenLayout|uiMode|screenSize|smallestScreenSize"
209-->[com.google.android.gms:play-services-ads-lite:22.6.0] AndroidManifest.xml:78:13-122
210            android:exported="false" />
210-->[com.google.android.gms:play-services-ads-lite:22.6.0] AndroidManifest.xml:79:13-37
211        <activity
211-->[com.google.android.gms:play-services-ads-lite:22.6.0] AndroidManifest.xml:81:9-88:43
212            android:name="com.google.android.gms.ads.NotificationHandlerActivity"
212-->[com.google.android.gms:play-services-ads-lite:22.6.0] AndroidManifest.xml:82:13-82
213            android:excludeFromRecents="true"
213-->[com.google.android.gms:play-services-ads-lite:22.6.0] AndroidManifest.xml:83:13-46
214            android:exported="false"
214-->[com.google.android.gms:play-services-ads-lite:22.6.0] AndroidManifest.xml:84:13-37
215            android:launchMode="singleTask"
215-->[com.google.android.gms:play-services-ads-lite:22.6.0] AndroidManifest.xml:85:13-44
216            android:taskAffinity=""
216-->[com.google.android.gms:play-services-ads-lite:22.6.0] AndroidManifest.xml:86:13-36
217            android:theme="@android:style/Theme.Translucent.NoTitleBar" />
217-->[com.google.android.gms:play-services-ads-lite:22.6.0] AndroidManifest.xml:87:13-72
218
219        <property
219-->[com.google.android.gms:play-services-ads-lite:22.6.0] AndroidManifest.xml:90:9-92:62
220            android:name="android.adservices.AD_SERVICES_CONFIG"
220-->[com.google.android.gms:play-services-ads-lite:22.6.0] AndroidManifest.xml:91:13-65
221            android:resource="@xml/gma_ad_services_config" />
221-->[com.google.android.gms:play-services-ads-lite:22.6.0] AndroidManifest.xml:92:13-59
222
223        <receiver
223-->[com.google.android.gms:play-services-measurement:21.2.0] AndroidManifest.xml:29:9-33:20
224            android:name="com.google.android.gms.measurement.AppMeasurementReceiver"
224-->[com.google.android.gms:play-services-measurement:21.2.0] AndroidManifest.xml:30:13-85
225            android:enabled="true"
225-->[com.google.android.gms:play-services-measurement:21.2.0] AndroidManifest.xml:31:13-35
226            android:exported="false" >
226-->[com.google.android.gms:play-services-measurement:21.2.0] AndroidManifest.xml:32:13-37
227        </receiver>
228
229        <service
229-->[com.google.android.gms:play-services-measurement:21.2.0] AndroidManifest.xml:35:9-38:40
230            android:name="com.google.android.gms.measurement.AppMeasurementService"
230-->[com.google.android.gms:play-services-measurement:21.2.0] AndroidManifest.xml:36:13-84
231            android:enabled="true"
231-->[com.google.android.gms:play-services-measurement:21.2.0] AndroidManifest.xml:37:13-35
232            android:exported="false" />
232-->[com.google.android.gms:play-services-measurement:21.2.0] AndroidManifest.xml:38:13-37
233        <service
233-->[com.google.android.gms:play-services-measurement:21.2.0] AndroidManifest.xml:39:9-43:72
234            android:name="com.google.android.gms.measurement.AppMeasurementJobService"
234-->[com.google.android.gms:play-services-measurement:21.2.0] AndroidManifest.xml:40:13-87
235            android:enabled="true"
235-->[com.google.android.gms:play-services-measurement:21.2.0] AndroidManifest.xml:41:13-35
236            android:exported="false"
236-->[com.google.android.gms:play-services-measurement:21.2.0] AndroidManifest.xml:42:13-37
237            android:permission="android.permission.BIND_JOB_SERVICE" />
237-->[com.google.android.gms:play-services-measurement:21.2.0] AndroidManifest.xml:43:13-69
238
239        <receiver